This is pdfTeX, Version 3.1415926-2.5-1.40.14 (TeX Live 2013) (format=pdflatex 2014.5.18)  30 JAN 2015 13:36
entering extended mode
 restricted \write18 enabled.
 file:line:error style messages enabled.
 %&-line parsing enabled.
**Chap_Intro.tex
(./Chap_Intro.tex
LaTeX2e <2011/06/27>
Babel <3.9k> and hyphenation patterns for 78 languages loaded.
./Chap_Intro.tex:2: Undefined control sequence.
l.2 \chapter
            {绪论}
? 
./Chap_Intro.tex:2: Emergency stop.
l.2 \chapter
            {绪论}
End of file on the terminal!

 
Here is how much of TeX's memory you used:
 5 strings out of 493308
 138 string characters out of 6137822
 52434 words of memory out of 5000000
 3564 multiletter control sequences out of 15000+600000
 3640 words of font info for 14 fonts, out of 8000000 for 9000
 957 hyphenation exceptions out of 8191
 5i,0n,1p,33b,8s stack positions out of 5000i,500n,10000p,200000b,80000s
./Chap_Intro.tex:2:  ==> Fatal error occurred, no output PDF file produced!
