\BOOKMARK [0][-]{chapter*.1}{\376\377\144\130\000\040\000\040\211\201}{}% 1
\BOOKMARK [0][-]{chapter*.2}{\376\377\000A\000b\000s\000t\000r\000a\000c\000t}{}% 2
\BOOKMARK [0][-]{chapter*.3}{\376\377\166\356\000\040\000\040\137\125}{}% 3
\BOOKMARK [0][-]{chapter.1}{\376\377\176\352\213\272}{}% 4
\BOOKMARK [1][-]{section.1.1}{\376\377\137\025\212\000}{chapter.1}% 5
\BOOKMARK [1][-]{section.1.2}{\376\377\173\111\171\273\133\120\117\123\166\204\143\317\217\360}{chapter.1}% 6
\BOOKMARK [2][-]{subsection.1.2.1}{\376\377\123\125\174\222\133\120\217\150\220\123\143\317\217\360\145\271\154\325}{section.1.2}% 7
\BOOKMARK [2][-]{subsection.1.2.2}{\376\377\000V\000l\000a\000s\000o\000v\152\041\142\337\124\214\000F\000o\000k\000k\000e\000r\000-\000P\000l\000a\000n\000c\000k\152\041\142\337\145\271\154\325}{section.1.2}% 8
\BOOKMARK [2][-]{subsection.1.2.3}{\376\377\155\101\117\123\122\233\133\146\152\041\142\337\145\271\154\325}{section.1.2}% 9
\BOOKMARK [2][-]{subsection.1.2.4}{\376\377\174\222\133\120\152\041\142\337\145\271\154\325}{section.1.2}% 10
\BOOKMARK [1][-]{section.1.3}{\376\377\157\300\121\111\127\050\173\111\171\273\133\120\117\123\116\055\124\070\145\066}{chapter.1}% 11
\BOOKMARK [2][-]{subsection.1.3.1}{\376\377\220\006\217\153\201\364\124\070\145\066}{section.1.3}% 12
\BOOKMARK [2][-]{subsection.1.3.2}{\376\377\121\161\143\057\124\070\145\066}{section.1.3}% 13
\BOOKMARK [2][-]{subsection.1.3.3}{\376\377\167\037\172\172\122\240\160\355}{section.1.3}% 14
\BOOKMARK [2][-]{subsection.1.3.4}{\376\377\000J\000x\000B\122\240\160\355}{section.1.3}% 15
\BOOKMARK [1][-]{section.1.4}{\376\377\157\300\121\111\165\065\133\120\122\240\220\037}{chapter.1}% 16
\BOOKMARK [2][-]{subsection.1.4.1}{\376\377\157\300\121\111\171\273\133\120\122\240\220\037}{section.1.4}% 17
\BOOKMARK [2][-]{subsection.1.4.2}{\376\377\227\230\134\102\122\240\220\037\147\072\122\066}{section.1.4}% 18
\BOOKMARK [2][-]{subsection.1.4.3}{\376\377\157\300\154\342\122\240\220\037\147\072\122\066}{section.1.4}% 19
\BOOKMARK [2][-]{subsection.1.4.4}{\376\377\121\111\123\213\122\240\220\037\147\072\122\066}{section.1.4}% 20
\BOOKMARK [1][-]{section.1.5}{\376\377\213\272\145\207\133\211\143\222}{chapter.1}% 21
\BOOKMARK [0][-]{chapter.2}{\376\377\221\321\134\136\227\166\157\300\121\111\160\347\206\200}{}% 22
\BOOKMARK [1][-]{section.2.1}{\376\377\230\204\201\011\121\262\116\016\230\204\173\111\171\273\133\120\117\123}{chapter.2}% 23
\BOOKMARK [1][-]{section.2.2}{\376\377\230\204\173\111\171\273\133\120\117\123\166\204\145\160\120\074\213\241\173\227}{chapter.2}% 24
\BOOKMARK [2][-]{subsection.2.2.1}{\376\377\155\101\117\123\122\233\133\146\217\307\172\013}{section.2.2}% 25
\BOOKMARK [2][-]{subsection.2.2.2}{\376\377\157\300\121\111\166\204\124\070\145\066}{section.2.2}% 26
\BOOKMARK [2][-]{subsection.2.2.3}{\376\377\200\375\221\317\117\040\217\223}{section.2.2}% 27
\BOOKMARK [2][-]{subsection.2.2.4}{\376\377\224\335\227\166\160\347\206\200}{section.2.2}% 28
\BOOKMARK [2][-]{subsection.2.2.5}{\376\377\000D\000L\000C\160\347\206\200}{section.2.2}% 29
\BOOKMARK [2][-]{subsection.2.2.6}{\376\377\176\323\213\272}{section.2.2}% 30
\BOOKMARK [0][-]{chapter.3}{\376\377\230\204\173\111\171\273\133\120\117\123\133\371\116\216\122\240\220\037\166\204\130\236\137\072\117\134\165\050}{}% 31
\BOOKMARK [1][-]{section.3.1}{\376\377\137\025\212\000}{chapter.3}% 32
\BOOKMARK [1][-]{section.3.2}{\376\377\230\204\173\111\171\273\133\120\117\123\130\236\137\072\171\273\133\120\122\240\220\037}{chapter.3}% 33
\BOOKMARK [0][-]{chapter.4}{\376\377\116\015\172\063\133\232\140\047\127\050\157\300\121\111\171\273\133\120\122\240\220\037\116\055\166\204\136\224\165\050}{}% 34
\BOOKMARK [1][-]{section.4.1}{\376\377\136\070\211\301\116\015\172\063\133\232\140\047}{chapter.4}% 35
\BOOKMARK [1][-]{section.4.2}{\376\377\232\330\200\375\165\065\133\120\147\137\155\101\127\050\147\011\226\120\123\232\136\246\227\166\116\055\166\204\142\020\116\035\163\260\214\141}{chapter.4}% 36
\BOOKMARK [0][-]{chapter.5}{\376\377\000P\000a\000r\000i\000t\000i\000c\000l\000e\000-\000I\000n\000-\000C\000e\000l\000l}{}% 37
\BOOKMARK [1][-]{section.5.1}{\376\377\173\111\171\273\133\120\117\123\145\160\120\074\152\041\142\337}{chapter.5}% 38
\BOOKMARK [2][-]{subsection.5.1.1}{\376\377\155\101\117\123\122\233\133\146\152\041\142\337}{section.5.1}% 39
\BOOKMARK [2][-]{subsection.5.1.2}{\376\377\122\250\122\233\133\146\152\041\142\337}{section.5.1}% 40
\BOOKMARK [1][-]{section.5.2}{\376\377\174\222\133\120\152\041\142\337}{chapter.5}% 41
\BOOKMARK [2][-]{subsection.5.2.1}{\376\377\133\217\174\222\133\120\123\312\174\222\133\120\116\221\152\041\127\213}{section.5.2}% 42
\BOOKMARK [2][-]{subsection.5.2.2}{\376\377\165\065\170\301\127\072\154\102\211\343}{section.5.2}% 43
\BOOKMARK [2][-]{subsection.5.2.3}{\376\377\174\222\133\120\217\320\122\250\166\204\154\102\211\343}{section.5.2}% 44
\BOOKMARK [2][-]{subsection.5.2.4}{\376\377\165\065\155\101\133\306\136\246\213\241\173\227}{section.5.2}% 45
\BOOKMARK [1][-]{section.5.3}{\376\377\176\323\213\272}{chapter.5}% 46
\BOOKMARK [0][-]{appendix.A}{\376\377\116\055\126\375\171\321\133\146\226\142\131\047\133\146\133\146\117\115\213\272\145\207\144\260\121\231\211\201\154\102}{}% 47
\BOOKMARK [1][-]{section.A.1}{\376\377\133\146\117\115\213\272\145\207\166\204\116\000\202\054\211\201\154\102}{appendix.A}% 48
\BOOKMARK [1][-]{section.A.2}{\376\377\133\146\117\115\213\272\145\207\166\204\154\064\136\163\211\201\154\102}{appendix.A}% 49
\BOOKMARK [1][-]{section.A.3}{\376\377\144\260\121\231\133\146\117\115\213\272\145\207\166\204\213\355\212\000\123\312\145\207\133\127}{appendix.A}% 50
\BOOKMARK [1][-]{section.A.4}{\376\377\133\146\117\115\213\272\145\207\166\204\116\073\211\201\176\304\142\020\220\350\122\006}{appendix.A}% 51
\BOOKMARK [0][-]{section*.29}{\376\377\123\302\200\003\145\207\163\056}{}% 52
\BOOKMARK [0][-]{appendix*.30}{\376\377\123\321\210\150\145\207\172\340\166\356\137\125}{}% 53
\BOOKMARK [0][-]{appendix*.31}{\376\377\173\200\000\040\000\040\123\206}{}% 54
\BOOKMARK [0][-]{appendix*.32}{\376\377\201\364\000\040\000\040\214\042}{}% 55
